[2025-05-22 14:32:45,683][__main__][INFO] - 설정 파일 로드 완료: config.json
[2025-05-22 14:32:45,686][__main__][INFO] - ===== 얼굴 감정 인식 처리 시작 =====
[2025-05-22 14:32:45,686][__main__][INFO] - 현재 작업 디렉토리: D:\my_projects\face-emo-classify-v0
[2025-05-22 14:32:47,439][__main__][INFO] - FaceAnalyzer 초기화 완료
[2025-05-22 14:32:47,442][__main__][INFO] - 총 100개의 이미지 파일을 찾았습니다.
[2025-05-22 14:32:47,442][__main__][INFO] - 처리 중 (1/100): ./crawling/운명\000001.jpg
[2025-05-22 14:32:47,669][__main__][INFO] -   얼굴이 감지되지 않았습니다.
[2025-05-22 14:32:47,669][__main__][INFO] - 처리 중 (2/100): ./crawling/운명\000002.jpg
[2025-05-22 14:32:50,872][__main__][INFO] -   감지된 얼굴 수: 2
[2025-05-22 14:32:50,909][__main__][INFO] -   저장됨: ./outputs\2025-05-22_14-32-45\processed_images\000002.jpg
[2025-05-22 14:32:50,909][__main__][INFO] - 처리 중 (3/100): ./crawling/운명\000003.jpg
[2025-05-22 14:32:51,405][__main__][INFO] -   얼굴이 감지되지 않았습니다.
[2025-05-22 14:32:51,406][__main__][INFO] - 처리 중 (4/100): ./crawling/운명\000004.jpg
[2025-05-22 14:32:51,851][__main__][INFO] -   얼굴이 감지되지 않았습니다.
[2025-05-22 14:32:51,852][__main__][INFO] - 처리 중 (5/100): ./crawling/운명\000005.jpg
[2025-05-22 14:32:51,950][__main__][INFO] -   얼굴이 감지되지 않았습니다.
[2025-05-22 14:32:51,950][__main__][INFO] - 처리 중 (6/100): ./crawling/운명\000006.jpg
[2025-05-22 14:32:52,043][__main__][INFO] -   얼굴이 감지되지 않았습니다.
[2025-05-22 14:32:52,044][__main__][INFO] - 처리 중 (7/100): ./crawling/운명\000007.jpg
[2025-05-22 14:32:52,205][__main__][INFO] -   얼굴이 감지되지 않았습니다.
[2025-05-22 14:32:52,205][__main__][INFO] - 처리 중 (8/100): ./crawling/운명\000008.jpg
[2025-05-22 14:32:52,240][__main__][INFO] -   얼굴이 감지되지 않았습니다.
[2025-05-22 14:32:52,241][__main__][INFO] - 처리 중 (9/100): ./crawling/운명\000009.jpg
[2025-05-22 14:32:52,488][__main__][INFO] -   얼굴이 감지되지 않았습니다.
[2025-05-22 14:32:52,489][__main__][INFO] - 처리 중 (10/100): ./crawling/운명\000010.jpg
[2025-05-22 14:32:52,578][__main__][INFO] -   얼굴이 감지되지 않았습니다.
[2025-05-22 14:32:52,579][__main__][INFO] - 처리 중 (11/100): ./crawling/운명\000011.jpg
[2025-05-22 14:32:53,377][__main__][INFO] -   감지된 얼굴 수: 2
[2025-05-22 14:32:53,377][__main__][INFO] -   얼굴 #1 - 크기가 너무 작아 건너뜀: 16x17 < 96
[2025-05-22 14:32:53,377][__main__][INFO] -   얼굴 #2 - 크기가 너무 작아 건너뜀: 13x14 < 96
[2025-05-22 14:32:53,377][__main__][INFO] -   유효한 얼굴이 없어 이미지를 저장하지 않습니다.
[2025-05-22 14:32:53,378][__main__][INFO] - 처리 중 (12/100): ./crawling/운명\000012.jpg
[2025-05-22 14:32:53,819][__main__][INFO] -   감지된 얼굴 수: 1
[2025-05-22 14:32:53,820][__main__][INFO] -   얼굴 #1 - 크기가 너무 작아 건너뜀: 31x31 < 96
[2025-05-22 14:32:53,820][__main__][INFO] -   유효한 얼굴이 없어 이미지를 저장하지 않습니다.
[2025-05-22 14:32:53,820][__main__][INFO] - 처리 중 (13/100): ./crawling/운명\000013.jpg
[2025-05-22 14:32:54,286][__main__][INFO] -   얼굴이 감지되지 않았습니다.
[2025-05-22 14:32:54,287][__main__][INFO] - 처리 중 (14/100): ./crawling/운명\000014.jpg
[2025-05-22 14:32:54,400][__main__][INFO] -   얼굴이 감지되지 않았습니다.
[2025-05-22 14:32:54,400][__main__][INFO] - 처리 중 (15/100): ./crawling/운명\000015.jpg
[2025-05-22 14:32:54,823][__main__][INFO] -   감지된 얼굴 수: 1
[2025-05-22 14:32:54,846][__main__][INFO] -   저장됨: ./outputs\2025-05-22_14-32-45\processed_images\000015.jpg
[2025-05-22 14:32:54,846][__main__][INFO] - 처리 중 (16/100): ./crawling/운명\000016.jpg
[2025-05-22 14:32:55,197][__main__][INFO] -   얼굴이 감지되지 않았습니다.
[2025-05-22 14:32:55,197][__main__][INFO] - 처리 중 (17/100): ./crawling/운명\000017.jpg
[2025-05-22 14:32:55,765][__main__][INFO] -   감지된 얼굴 수: 1
[2025-05-22 14:32:55,790][__main__][INFO] -   저장됨: ./outputs\2025-05-22_14-32-45\processed_images\000017.jpg
[2025-05-22 14:32:55,790][__main__][INFO] - 처리 중 (18/100): ./crawling/운명\000018.jpg
[2025-05-22 14:32:56,873][__main__][INFO] -   감지된 얼굴 수: 3
[2025-05-22 14:32:56,874][__main__][INFO] -   얼굴 #1 - 크기가 너무 작아 건너뜀: 80x81 < 96
[2025-05-22 14:32:56,874][__main__][INFO] -   얼굴 #2 - 크기가 너무 작아 건너뜀: 65x65 < 96
[2025-05-22 14:32:56,874][__main__][INFO] -   얼굴 #3 - 크기가 너무 작아 건너뜀: 51x52 < 96
[2025-05-22 14:32:56,875][__main__][INFO] -   유효한 얼굴이 없어 이미지를 저장하지 않습니다.
[2025-05-22 14:32:56,875][__main__][INFO] - 처리 중 (19/100): ./crawling/운명\000019.jpg
[2025-05-22 14:32:56,984][__main__][INFO] -   얼굴이 감지되지 않았습니다.
[2025-05-22 14:32:56,984][__main__][INFO] - 처리 중 (20/100): ./crawling/운명\000021.jpg
[2025-05-22 14:32:57,875][__main__][INFO] -   얼굴이 감지되지 않았습니다.
[2025-05-22 14:32:57,875][__main__][INFO] - 처리 중 (21/100): ./crawling/운명\000022.jpg
[2025-05-22 14:32:58,220][__main__][INFO] -   얼굴이 감지되지 않았습니다.
[2025-05-22 14:32:58,220][__main__][INFO] - 처리 중 (22/100): ./crawling/운명\000023.jpg
[2025-05-22 14:32:58,337][__main__][INFO] -   얼굴이 감지되지 않았습니다.
[2025-05-22 14:32:58,337][__main__][INFO] - 처리 중 (23/100): ./crawling/운명\000024.jpg
[2025-05-22 14:32:58,661][__main__][INFO] -   얼굴이 감지되지 않았습니다.
[2025-05-22 14:32:58,662][__main__][INFO] - 처리 중 (24/100): ./crawling/운명\000025.jpg
[2025-05-22 14:32:59,061][__main__][INFO] -   얼굴이 감지되지 않았습니다.
[2025-05-22 14:32:59,061][__main__][INFO] - 처리 중 (25/100): ./crawling/운명\000026.jpg
[2025-05-22 14:32:59,955][__main__][INFO] -   얼굴이 감지되지 않았습니다.
[2025-05-22 14:32:59,955][__main__][INFO] - 처리 중 (26/100): ./crawling/운명\000027.jpg
[2025-05-22 14:33:00,339][__main__][INFO] -   얼굴이 감지되지 않았습니다.
[2025-05-22 14:33:00,339][__main__][INFO] - 처리 중 (27/100): ./crawling/운명\000028.jpg
[2025-05-22 14:33:01,664][__main__][INFO] -   감지된 얼굴 수: 3
[2025-05-22 14:33:01,712][__main__][INFO] -   저장됨: ./outputs\2025-05-22_14-32-45\processed_images\000028.jpg
[2025-05-22 14:33:01,713][__main__][INFO] - 처리 중 (28/100): ./crawling/운명\000030.jpg
[2025-05-22 14:33:02,682][__main__][INFO] -   감지된 얼굴 수: 2
[2025-05-22 14:33:02,717][__main__][INFO] -   저장됨: ./outputs\2025-05-22_14-32-45\processed_images\000030.jpg
[2025-05-22 14:33:02,717][__main__][INFO] - 처리 중 (29/100): ./crawling/운명\000031.jpg
[2025-05-22 14:33:03,818][__main__][INFO] -   감지된 얼굴 수: 3
[2025-05-22 14:33:03,818][__main__][INFO] -   얼굴 #1 - 크기가 너무 작아 건너뜀: 86x87 < 96
[2025-05-22 14:33:03,819][__main__][INFO] -   얼굴 #2 - 크기가 너무 작아 건너뜀: 59x60 < 96
[2025-05-22 14:33:03,819][__main__][INFO] -   얼굴 #3 - 크기가 너무 작아 건너뜀: 64x64 < 96
[2025-05-22 14:33:03,819][__main__][INFO] -   유효한 얼굴이 없어 이미지를 저장하지 않습니다.
[2025-05-22 14:33:03,819][__main__][INFO] - 처리 중 (30/100): ./crawling/운명\000032.jpg
[2025-05-22 14:33:04,553][__main__][INFO] -   얼굴이 감지되지 않았습니다.
[2025-05-22 14:33:04,553][__main__][INFO] - 처리 중 (31/100): ./crawling/운명\000033.jpg
[2025-05-22 14:33:06,965][__main__][INFO] -   감지된 얼굴 수: 7
[2025-05-22 14:33:06,966][__main__][INFO] -   얼굴 #1 - 크기가 너무 작아 건너뜀: 23x23 < 96
[2025-05-22 14:33:06,966][__main__][INFO] -   얼굴 #2 - 크기가 너무 작아 건너뜀: 17x18 < 96
[2025-05-22 14:33:06,966][__main__][INFO] -   얼굴 #3 - 크기가 너무 작아 건너뜀: 21x22 < 96
[2025-05-22 14:33:06,966][__main__][INFO] -   얼굴 #4 - 크기가 너무 작아 건너뜀: 26x27 < 96
[2025-05-22 14:33:06,966][__main__][INFO] -   얼굴 #5 - 크기가 너무 작아 건너뜀: 23x24 < 96
[2025-05-22 14:33:06,967][__main__][INFO] -   얼굴 #6 - 크기가 너무 작아 건너뜀: 22x22 < 96
[2025-05-22 14:33:06,967][__main__][INFO] -   얼굴 #7 - 크기가 너무 작아 건너뜀: 24x25 < 96
[2025-05-22 14:33:06,967][__main__][INFO] -   유효한 얼굴이 없어 이미지를 저장하지 않습니다.
[2025-05-22 14:33:06,967][__main__][INFO] - 처리 중 (32/100): ./crawling/운명\000034.jpg
[2025-05-22 14:33:07,762][__main__][INFO] -   감지된 얼굴 수: 2
[2025-05-22 14:33:07,762][__main__][INFO] -   얼굴 #1 - 크기가 너무 작아 건너뜀: 59x59 < 96
[2025-05-22 14:33:07,763][__main__][INFO] -   얼굴 #2 - 크기가 너무 작아 건너뜀: 53x54 < 96
[2025-05-22 14:33:07,763][__main__][INFO] -   유효한 얼굴이 없어 이미지를 저장하지 않습니다.
[2025-05-22 14:33:07,763][__main__][INFO] - 처리 중 (33/100): ./crawling/운명\000035.jpg
[2025-05-22 14:33:07,979][__main__][INFO] -   얼굴이 감지되지 않았습니다.
[2025-05-22 14:33:07,980][__main__][INFO] - 처리 중 (34/100): ./crawling/운명\000036.jpg
[2025-05-22 14:33:08,459][__main__][INFO] -   얼굴이 감지되지 않았습니다.
[2025-05-22 14:33:08,459][__main__][INFO] - 처리 중 (35/100): ./crawling/운명\000037.jpg
[2025-05-22 14:33:09,758][__main__][INFO] -   감지된 얼굴 수: 2
[2025-05-22 14:33:09,803][__main__][INFO] -   저장됨: ./outputs\2025-05-22_14-32-45\processed_images\000037.jpg
[2025-05-22 14:33:09,803][__main__][INFO] - 처리 중 (36/100): ./crawling/운명\000038.jpg
[2025-05-22 14:33:10,629][__main__][INFO] -   감지된 얼굴 수: 2
[2025-05-22 14:33:10,629][__main__][INFO] -   얼굴 #1 - 크기가 너무 작아 건너뜀: 70x70 < 96
[2025-05-22 14:33:10,630][__main__][INFO] -   얼굴 #2 - 크기가 너무 작아 건너뜀: 81x81 < 96
[2025-05-22 14:33:10,630][__main__][INFO] -   유효한 얼굴이 없어 이미지를 저장하지 않습니다.
[2025-05-22 14:33:10,630][__main__][INFO] - 처리 중 (37/100): ./crawling/운명\000039.jpg
[2025-05-22 14:33:13,419][__main__][INFO] -   얼굴이 감지되지 않았습니다.
[2025-05-22 14:33:13,420][__main__][INFO] - 처리 중 (38/100): ./crawling/운명\000040.jpg
[2025-05-22 14:33:14,499][__main__][INFO] -   얼굴이 감지되지 않았습니다.
[2025-05-22 14:33:14,500][__main__][INFO] - 처리 중 (39/100): ./crawling/운명\000041.jpg
[2025-05-22 14:33:15,609][__main__][INFO] -   감지된 얼굴 수: 2
[2025-05-22 14:33:15,610][__main__][INFO] -   얼굴 #1 - 크기가 너무 작아 건너뜀: 29x30 < 96
[2025-05-22 14:33:15,610][__main__][INFO] -   얼굴 #2 - 크기가 너무 작아 건너뜀: 28x29 < 96
[2025-05-22 14:33:15,610][__main__][INFO] -   유효한 얼굴이 없어 이미지를 저장하지 않습니다.
[2025-05-22 14:33:15,610][__main__][INFO] - 처리 중 (40/100): ./crawling/운명\000042.jpg
[2025-05-22 14:33:15,704][__main__][INFO] -   얼굴이 감지되지 않았습니다.
[2025-05-22 14:33:15,704][__main__][INFO] - 처리 중 (41/100): ./crawling/운명\000043.jpg
[2025-05-22 14:33:15,808][__main__][INFO] -   얼굴이 감지되지 않았습니다.
[2025-05-22 14:33:15,808][__main__][INFO] - 처리 중 (42/100): ./crawling/운명\000044.jpg
[2025-05-22 14:33:16,590][__main__][INFO] -   감지된 얼굴 수: 2
[2025-05-22 14:33:16,590][__main__][INFO] -   얼굴 #1 - 크기가 너무 작아 건너뜀: 37x38 < 96
[2025-05-22 14:33:16,590][__main__][INFO] -   얼굴 #2 - 크기가 너무 작아 건너뜀: 40x40 < 96
[2025-05-22 14:33:16,590][__main__][INFO] -   유효한 얼굴이 없어 이미지를 저장하지 않습니다.
[2025-05-22 14:33:16,590][__main__][INFO] - 처리 중 (43/100): ./crawling/운명\000047.jpg
[2025-05-22 14:33:16,723][__main__][INFO] -   얼굴이 감지되지 않았습니다.
[2025-05-22 14:33:16,724][__main__][INFO] - 처리 중 (44/100): ./crawling/운명\000048.jpg
[2025-05-22 14:33:16,947][__main__][INFO] -   얼굴이 감지되지 않았습니다.
[2025-05-22 14:33:16,947][__main__][INFO] - 처리 중 (45/100): ./crawling/운명\000049.jpg
[2025-05-22 14:33:18,014][__main__][INFO] -   감지된 얼굴 수: 3
[2025-05-22 14:33:18,014][__main__][INFO] -   얼굴 #1 - 크기가 너무 작아 건너뜀: 15x15 < 96
[2025-05-22 14:33:18,014][__main__][INFO] -   얼굴 #2 - 크기가 너무 작아 건너뜀: 17x18 < 96
[2025-05-22 14:33:18,016][__main__][INFO] -   얼굴 #3 - 크기가 너무 작아 건너뜀: 14x15 < 96
[2025-05-22 14:33:18,016][__main__][INFO] -   유효한 얼굴이 없어 이미지를 저장하지 않습니다.
[2025-05-22 14:33:18,016][__main__][INFO] - 처리 중 (46/100): ./crawling/운명\000050.jpg
[2025-05-22 14:33:18,472][__main__][INFO] -   감지된 얼굴 수: 1
[2025-05-22 14:33:18,490][__main__][INFO] -   저장됨: ./outputs\2025-05-22_14-32-45\processed_images\000050.jpg
[2025-05-22 14:33:18,491][__main__][INFO] - 처리 중 (47/100): ./crawling/운명\000001.jpg
[2025-05-22 14:33:18,580][__main__][INFO] -   얼굴이 감지되지 않았습니다.
[2025-05-22 14:33:18,581][__main__][INFO] - 처리 중 (48/100): ./crawling/운명\000002.jpg
[2025-05-22 14:33:19,692][__main__][INFO] -   감지된 얼굴 수: 2
[2025-05-22 14:33:19,730][__main__][INFO] -   저장됨: ./outputs\2025-05-22_14-32-45\processed_images\000002.jpg
[2025-05-22 14:33:19,730][__main__][INFO] - 처리 중 (49/100): ./crawling/운명\000003.jpg
[2025-05-22 14:33:20,215][__main__][INFO] -   얼굴이 감지되지 않았습니다.
[2025-05-22 14:33:20,215][__main__][INFO] - 처리 중 (50/100): ./crawling/운명\000004.jpg
[2025-05-22 14:33:20,681][__main__][INFO] -   얼굴이 감지되지 않았습니다.
[2025-05-22 14:33:20,682][__main__][INFO] - 처리 중 (51/100): ./crawling/운명\000005.jpg
[2025-05-22 14:33:20,781][__main__][INFO] -   얼굴이 감지되지 않았습니다.
[2025-05-22 14:33:20,781][__main__][INFO] - 처리 중 (52/100): ./crawling/운명\000006.jpg
[2025-05-22 14:33:20,865][__main__][INFO] -   얼굴이 감지되지 않았습니다.
[2025-05-22 14:33:20,865][__main__][INFO] - 처리 중 (53/100): ./crawling/운명\000007.jpg
[2025-05-22 14:33:21,041][__main__][INFO] -   얼굴이 감지되지 않았습니다.
[2025-05-22 14:33:21,041][__main__][INFO] - 처리 중 (54/100): ./crawling/운명\000008.jpg
[2025-05-22 14:33:21,064][__main__][INFO] -   얼굴이 감지되지 않았습니다.
[2025-05-22 14:33:21,065][__main__][INFO] - 처리 중 (55/100): ./crawling/운명\000009.jpg
[2025-05-22 14:33:21,312][__main__][INFO] -   얼굴이 감지되지 않았습니다.
[2025-05-22 14:33:21,312][__main__][INFO] - 처리 중 (56/100): ./crawling/운명\000010.jpg
[2025-05-22 14:33:21,396][__main__][INFO] -   얼굴이 감지되지 않았습니다.
[2025-05-22 14:33:21,397][__main__][INFO] - 처리 중 (57/100): ./crawling/운명\000011.jpg
[2025-05-22 14:33:22,301][__main__][INFO] -   감지된 얼굴 수: 2
[2025-05-22 14:33:22,302][__main__][INFO] -   얼굴 #1 - 크기가 너무 작아 건너뜀: 16x17 < 96
[2025-05-22 14:33:22,302][__main__][INFO] -   얼굴 #2 - 크기가 너무 작아 건너뜀: 13x14 < 96
[2025-05-22 14:33:22,302][__main__][INFO] -   유효한 얼굴이 없어 이미지를 저장하지 않습니다.
[2025-05-22 14:33:22,302][__main__][INFO] - 처리 중 (58/100): ./crawling/운명\000012.jpg
[2025-05-22 14:33:22,746][__main__][INFO] -   감지된 얼굴 수: 1
[2025-05-22 14:33:22,747][__main__][INFO] -   얼굴 #1 - 크기가 너무 작아 건너뜀: 31x31 < 96
[2025-05-22 14:33:22,747][__main__][INFO] -   유효한 얼굴이 없어 이미지를 저장하지 않습니다.
[2025-05-22 14:33:22,747][__main__][INFO] - 처리 중 (59/100): ./crawling/운명\000013.jpg
[2025-05-22 14:33:23,119][__main__][INFO] -   얼굴이 감지되지 않았습니다.
[2025-05-22 14:33:23,119][__main__][INFO] - 처리 중 (60/100): ./crawling/운명\000014.jpg
[2025-05-22 14:33:23,215][__main__][INFO] -   얼굴이 감지되지 않았습니다.
[2025-05-22 14:33:23,215][__main__][INFO] - 처리 중 (61/100): ./crawling/운명\000015.jpg
[2025-05-22 14:33:23,658][__main__][INFO] -   감지된 얼굴 수: 1
[2025-05-22 14:33:23,674][__main__][INFO] -   저장됨: ./outputs\2025-05-22_14-32-45\processed_images\000015.jpg
[2025-05-22 14:33:23,674][__main__][INFO] - 처리 중 (62/100): ./crawling/운명\000016.jpg
[2025-05-22 14:33:24,138][__main__][INFO] -   얼굴이 감지되지 않았습니다.
[2025-05-22 14:33:24,138][__main__][INFO] - 처리 중 (63/100): ./crawling/운명\000017.jpg
[2025-05-22 14:33:24,636][__main__][INFO] -   감지된 얼굴 수: 1
[2025-05-22 14:33:24,654][__main__][INFO] -   저장됨: ./outputs\2025-05-22_14-32-45\processed_images\000017.jpg
[2025-05-22 14:33:24,654][__main__][INFO] - 처리 중 (64/100): ./crawling/운명\000018.jpg
[2025-05-22 14:33:25,709][__main__][INFO] -   감지된 얼굴 수: 3
[2025-05-22 14:33:25,710][__main__][INFO] -   얼굴 #1 - 크기가 너무 작아 건너뜀: 80x81 < 96
[2025-05-22 14:33:25,710][__main__][INFO] -   얼굴 #2 - 크기가 너무 작아 건너뜀: 65x65 < 96
[2025-05-22 14:33:25,710][__main__][INFO] -   얼굴 #3 - 크기가 너무 작아 건너뜀: 51x52 < 96
[2025-05-22 14:33:25,711][__main__][INFO] -   유효한 얼굴이 없어 이미지를 저장하지 않습니다.
[2025-05-22 14:33:25,711][__main__][INFO] - 처리 중 (65/100): ./crawling/운명\000019.jpg
[2025-05-22 14:33:25,809][__main__][INFO] -   얼굴이 감지되지 않았습니다.
[2025-05-22 14:33:25,809][__main__][INFO] - 처리 중 (66/100): ./crawling/운명\000021.jpg
[2025-05-22 14:33:26,641][__main__][INFO] -   얼굴이 감지되지 않았습니다.
[2025-05-22 14:33:26,642][__main__][INFO] - 처리 중 (67/100): ./crawling/운명\000022.jpg
[2025-05-22 14:33:26,951][__main__][INFO] -   얼굴이 감지되지 않았습니다.
[2025-05-22 14:33:26,951][__main__][INFO] - 처리 중 (68/100): ./crawling/운명\000023.jpg
[2025-05-22 14:33:27,050][__main__][INFO] -   얼굴이 감지되지 않았습니다.
[2025-05-22 14:33:27,051][__main__][INFO] - 처리 중 (69/100): ./crawling/운명\000024.jpg
[2025-05-22 14:33:27,355][__main__][INFO] -   얼굴이 감지되지 않았습니다.
[2025-05-22 14:33:27,355][__main__][INFO] - 처리 중 (70/100): ./crawling/운명\000025.jpg
[2025-05-22 14:33:27,841][__main__][INFO] -   얼굴이 감지되지 않았습니다.
[2025-05-22 14:33:27,841][__main__][INFO] - 처리 중 (71/100): ./crawling/운명\000026.jpg
[2025-05-22 14:33:28,565][__main__][INFO] -   얼굴이 감지되지 않았습니다.
[2025-05-22 14:33:28,565][__main__][INFO] - 처리 중 (72/100): ./crawling/운명\000027.jpg
[2025-05-22 14:33:28,992][__main__][INFO] -   얼굴이 감지되지 않았습니다.
[2025-05-22 14:33:28,993][__main__][INFO] - 처리 중 (73/100): ./crawling/운명\000028.jpg
[2025-05-22 14:33:30,312][__main__][INFO] -   감지된 얼굴 수: 3
[2025-05-22 14:33:30,366][__main__][INFO] -   저장됨: ./outputs\2025-05-22_14-32-45\processed_images\000028.jpg
[2025-05-22 14:33:30,366][__main__][INFO] - 처리 중 (74/100): ./crawling/운명\000030.jpg
[2025-05-22 14:33:31,342][__main__][INFO] -   감지된 얼굴 수: 2
[2025-05-22 14:33:31,375][__main__][INFO] -   저장됨: ./outputs\2025-05-22_14-32-45\processed_images\000030.jpg
[2025-05-22 14:33:31,375][__main__][INFO] - 처리 중 (75/100): ./crawling/운명\000031.jpg
[2025-05-22 14:33:32,442][__main__][INFO] -   감지된 얼굴 수: 3
[2025-05-22 14:33:32,442][__main__][INFO] -   얼굴 #1 - 크기가 너무 작아 건너뜀: 86x87 < 96
[2025-05-22 14:33:32,442][__main__][INFO] -   얼굴 #2 - 크기가 너무 작아 건너뜀: 59x60 < 96
[2025-05-22 14:33:32,442][__main__][INFO] -   얼굴 #3 - 크기가 너무 작아 건너뜀: 64x64 < 96
[2025-05-22 14:33:32,443][__main__][INFO] -   유효한 얼굴이 없어 이미지를 저장하지 않습니다.
[2025-05-22 14:33:32,443][__main__][INFO] - 처리 중 (76/100): ./crawling/운명\000032.jpg
[2025-05-22 14:33:33,159][__main__][INFO] -   얼굴이 감지되지 않았습니다.
[2025-05-22 14:33:33,159][__main__][INFO] - 처리 중 (77/100): ./crawling/운명\000033.jpg
[2025-05-22 14:33:35,538][__main__][INFO] -   감지된 얼굴 수: 7
[2025-05-22 14:33:35,538][__main__][INFO] -   얼굴 #1 - 크기가 너무 작아 건너뜀: 23x23 < 96
[2025-05-22 14:33:35,539][__main__][INFO] -   얼굴 #2 - 크기가 너무 작아 건너뜀: 17x18 < 96
[2025-05-22 14:33:35,539][__main__][INFO] -   얼굴 #3 - 크기가 너무 작아 건너뜀: 21x22 < 96
[2025-05-22 14:33:35,539][__main__][INFO] -   얼굴 #4 - 크기가 너무 작아 건너뜀: 26x27 < 96
[2025-05-22 14:33:35,539][__main__][INFO] -   얼굴 #5 - 크기가 너무 작아 건너뜀: 23x24 < 96
[2025-05-22 14:33:35,539][__main__][INFO] -   얼굴 #6 - 크기가 너무 작아 건너뜀: 22x22 < 96
[2025-05-22 14:33:35,539][__main__][INFO] -   얼굴 #7 - 크기가 너무 작아 건너뜀: 24x25 < 96
[2025-05-22 14:33:35,539][__main__][INFO] -   유효한 얼굴이 없어 이미지를 저장하지 않습니다.
[2025-05-22 14:33:35,539][__main__][INFO] - 처리 중 (78/100): ./crawling/운명\000034.jpg
[2025-05-22 14:33:36,271][__main__][INFO] -   감지된 얼굴 수: 2
[2025-05-22 14:33:36,272][__main__][INFO] -   얼굴 #1 - 크기가 너무 작아 건너뜀: 59x59 < 96
[2025-05-22 14:33:36,272][__main__][INFO] -   얼굴 #2 - 크기가 너무 작아 건너뜀: 53x54 < 96
[2025-05-22 14:33:36,272][__main__][INFO] -   유효한 얼굴이 없어 이미지를 저장하지 않습니다.
[2025-05-22 14:33:36,273][__main__][INFO] - 처리 중 (79/100): ./crawling/운명\000035.jpg
[2025-05-22 14:33:36,577][__main__][INFO] -   얼굴이 감지되지 않았습니다.
[2025-05-22 14:33:36,577][__main__][INFO] - 처리 중 (80/100): ./crawling/운명\000036.jpg
[2025-05-22 14:33:36,954][__main__][INFO] -   얼굴이 감지되지 않았습니다.
[2025-05-22 14:33:36,955][__main__][INFO] - 처리 중 (81/100): ./crawling/운명\000037.jpg
[2025-05-22 14:33:38,359][__main__][INFO] -   감지된 얼굴 수: 2
[2025-05-22 14:33:38,398][__main__][INFO] -   저장됨: ./outputs\2025-05-22_14-32-45\processed_images\000037.jpg
[2025-05-22 14:33:38,398][__main__][INFO] - 처리 중 (82/100): ./crawling/운명\000038.jpg
[2025-05-22 14:33:39,205][__main__][INFO] -   감지된 얼굴 수: 2
[2025-05-22 14:33:39,207][__main__][INFO] -   얼굴 #1 - 크기가 너무 작아 건너뜀: 70x70 < 96
[2025-05-22 14:33:39,207][__main__][INFO] -   얼굴 #2 - 크기가 너무 작아 건너뜀: 81x81 < 96
[2025-05-22 14:33:39,207][__main__][INFO] -   유효한 얼굴이 없어 이미지를 저장하지 않습니다.
[2025-05-22 14:33:39,208][__main__][INFO] - 처리 중 (83/100): ./crawling/운명\000039.jpg
[2025-05-22 14:33:41,977][__main__][INFO] -   얼굴이 감지되지 않았습니다.
[2025-05-22 14:33:41,978][__main__][INFO] - 처리 중 (84/100): ./crawling/운명\000040.jpg
[2025-05-22 14:33:42,968][__main__][INFO] -   얼굴이 감지되지 않았습니다.
[2025-05-22 14:33:42,968][__main__][INFO] - 처리 중 (85/100): ./crawling/운명\000041.jpg
[2025-05-22 14:33:44,129][__main__][INFO] -   감지된 얼굴 수: 2
[2025-05-22 14:33:44,130][__main__][INFO] -   얼굴 #1 - 크기가 너무 작아 건너뜀: 29x30 < 96
[2025-05-22 14:33:44,130][__main__][INFO] -   얼굴 #2 - 크기가 너무 작아 건너뜀: 28x29 < 96
[2025-05-22 14:33:44,130][__main__][INFO] -   유효한 얼굴이 없어 이미지를 저장하지 않습니다.
[2025-05-22 14:33:44,130][__main__][INFO] - 처리 중 (86/100): ./crawling/운명\000042.jpg
[2025-05-22 14:33:44,212][__main__][INFO] -   얼굴이 감지되지 않았습니다.
[2025-05-22 14:33:44,212][__main__][INFO] - 처리 중 (87/100): ./crawling/운명\000043.jpg
[2025-05-22 14:33:44,313][__main__][INFO] -   얼굴이 감지되지 않았습니다.
[2025-05-22 14:33:44,314][__main__][INFO] - 처리 중 (88/100): ./crawling/운명\000044.jpg
[2025-05-22 14:33:45,090][__main__][INFO] -   감지된 얼굴 수: 2
[2025-05-22 14:33:45,090][__main__][INFO] -   얼굴 #1 - 크기가 너무 작아 건너뜀: 37x38 < 96
[2025-05-22 14:33:45,090][__main__][INFO] -   얼굴 #2 - 크기가 너무 작아 건너뜀: 40x40 < 96
[2025-05-22 14:33:45,091][__main__][INFO] -   유효한 얼굴이 없어 이미지를 저장하지 않습니다.
[2025-05-22 14:33:45,091][__main__][INFO] - 처리 중 (89/100): ./crawling/운명\000047.jpg
[2025-05-22 14:33:45,214][__main__][INFO] -   얼굴이 감지되지 않았습니다.
[2025-05-22 14:33:45,214][__main__][INFO] - 처리 중 (90/100): ./crawling/운명\000048.jpg
[2025-05-22 14:33:45,427][__main__][INFO] -   얼굴이 감지되지 않았습니다.
[2025-05-22 14:33:45,428][__main__][INFO] - 처리 중 (91/100): ./crawling/운명\000049.jpg
[2025-05-22 14:33:46,599][__main__][INFO] -   감지된 얼굴 수: 3
[2025-05-22 14:33:46,599][__main__][INFO] -   얼굴 #1 - 크기가 너무 작아 건너뜀: 15x15 < 96
[2025-05-22 14:33:46,599][__main__][INFO] -   얼굴 #2 - 크기가 너무 작아 건너뜀: 17x18 < 96
[2025-05-22 14:33:46,599][__main__][INFO] -   얼굴 #3 - 크기가 너무 작아 건너뜀: 14x15 < 96
[2025-05-22 14:33:46,599][__main__][INFO] -   유효한 얼굴이 없어 이미지를 저장하지 않습니다.
[2025-05-22 14:33:46,599][__main__][INFO] - 처리 중 (92/100): ./crawling/운명\000050.jpg
[2025-05-22 14:33:47,049][__main__][INFO] -   감지된 얼굴 수: 1
[2025-05-22 14:33:47,065][__main__][INFO] -   저장됨: ./outputs\2025-05-22_14-32-45\processed_images\000050.jpg
[2025-05-22 14:33:47,065][__main__][INFO] - 처리 중 (93/100): ./crawling/운명\000020.png
[2025-05-22 14:33:47,179][__main__][INFO] -   얼굴이 감지되지 않았습니다.
[2025-05-22 14:33:47,179][__main__][INFO] - 처리 중 (94/100): ./crawling/운명\000029.png
[2025-05-22 14:33:47,256][__main__][INFO] -   얼굴이 감지되지 않았습니다.
[2025-05-22 14:33:47,256][__main__][INFO] - 처리 중 (95/100): ./crawling/운명\000045.png
[2025-05-22 14:33:47,365][__main__][INFO] -   얼굴이 감지되지 않았습니다.
[2025-05-22 14:33:47,367][__main__][INFO] - 처리 중 (96/100): ./crawling/운명\000046.png
[2025-05-22 14:33:48,639][__main__][INFO] -   감지된 얼굴 수: 3
[2025-05-22 14:33:48,639][__main__][INFO] -   얼굴 #1 - 크기가 너무 작아 건너뜀: 93x94 < 96
[2025-05-22 14:33:48,653][__main__][INFO] -   얼굴 #3 - 크기가 너무 작아 건너뜀: 88x89 < 96
[2025-05-22 14:33:48,659][__main__][INFO] -   저장됨: ./outputs\2025-05-22_14-32-45\processed_images\000046.jpg
[2025-05-22 14:33:48,659][__main__][INFO] - 처리 중 (97/100): ./crawling/운명\000020.png
[2025-05-22 14:33:48,755][__main__][INFO] -   얼굴이 감지되지 않았습니다.
[2025-05-22 14:33:48,756][__main__][INFO] - 처리 중 (98/100): ./crawling/운명\000029.png
[2025-05-22 14:33:48,820][__main__][INFO] -   얼굴이 감지되지 않았습니다.
[2025-05-22 14:33:48,820][__main__][INFO] - 처리 중 (99/100): ./crawling/운명\000045.png
[2025-05-22 14:33:48,915][__main__][INFO] -   얼굴이 감지되지 않았습니다.
[2025-05-22 14:33:48,915][__main__][INFO] - 처리 중 (100/100): ./crawling/운명\000046.png
[2025-05-22 14:33:50,246][__main__][INFO] -   감지된 얼굴 수: 3
[2025-05-22 14:33:50,248][__main__][INFO] -   얼굴 #1 - 크기가 너무 작아 건너뜀: 93x94 < 96
[2025-05-22 14:33:50,267][__main__][INFO] -   얼굴 #3 - 크기가 너무 작아 건너뜀: 88x89 < 96
[2025-05-22 14:33:50,275][__main__][INFO] -   저장됨: ./outputs\2025-05-22_14-32-45\processed_images\000046.jpg
[2025-05-22 14:33:50,278][__main__][INFO] - 
처리 결과 요약:
[2025-05-22 14:33:50,278][__main__][INFO] - 총 처리된 이미지: 100개
[2025-05-22 14:33:50,279][__main__][INFO] - 총 감지된 얼굴: 26개
[2025-05-22 14:33:50,279][__main__][INFO] - 필터링된 작은 얼굴: 58개
[2025-05-22 14:33:50,279][__main__][INFO] - 감정별 얼굴 수:
[2025-05-22 14:33:50,279][__main__][INFO] -   - Happiness: 4개
[2025-05-22 14:33:50,279][__main__][INFO] -   - Contempt: 2개
[2025-05-22 14:33:50,279][__main__][INFO] -   - Neutral: 10개
[2025-05-22 14:33:50,279][__main__][INFO] -   - Fear: 2개
[2025-05-22 14:33:50,279][__main__][INFO] -   - Sadness: 4개
[2025-05-22 14:33:50,279][__main__][INFO] -   - Disgust: 4개
[2025-05-22 14:33:50,281][__main__][INFO] - 
결과가 다음 위치에 저장되었습니다:
[2025-05-22 14:33:50,281][__main__][INFO] -   - 처리된 이미지: ./outputs\2025-05-22_14-32-45\processed_images
[2025-05-22 14:33:50,281][__main__][INFO] -   - 정렬된 얼굴 이미지: ./outputs\2025-05-22_14-32-45\aligned_faces
[2025-05-22 14:33:50,281][__main__][INFO] -   - CSV 결과: ./outputs\2025-05-22_14-32-45\emotion_results.csv
[2025-05-22 14:33:50,281][__main__][INFO] -   - JSON 결과: ./outputs\2025-05-22_14-32-45\emotion_results.json
[2025-05-22 14:33:50,282][__main__][INFO] -   - 학습용 목록: ./outputs\2025-05-22_14-32-45\train_list.txt
[2025-05-22 14:33:50,282][__main__][INFO] - 
모든 이미지 처리 완료!
[2025-05-22 14:50:43,606][__main__][INFO] - 설정 파일 로드 완료: config.json
[2025-05-22 14:50:43,607][__main__][INFO] - ===== 얼굴 감정 인식 처리 시작 =====
[2025-05-22 14:50:43,607][__main__][INFO] - 현재 작업 디렉토리: D:\my_projects\face-emo-classify
[2025-05-22 14:50:45,124][__main__][INFO] - FaceAnalyzer 초기화 완료
[2025-05-22 14:50:45,126][__main__][INFO] - 총 6개의 이미지 파일을 찾았습니다.
[2025-05-22 14:50:45,126][__main__][INFO] - 처리 중 (1/6): ./crawling/파묘\000002.jpg
[2025-05-22 14:50:49,119][__main__][INFO] -   감지된 얼굴 수: 4
[2025-05-22 14:50:49,183][__main__][INFO] -   저장됨: ./outputs\2025-05-22_14-50-43\processed_images\000002.jpg
[2025-05-22 14:50:49,183][__main__][INFO] - 처리 중 (2/6): ./crawling/파묘\000005.jpg
[2025-05-22 14:50:51,051][__main__][INFO] -   감지된 얼굴 수: 4
[2025-05-22 14:50:51,126][__main__][INFO] -   저장됨: ./outputs\2025-05-22_14-50-43\processed_images\000005.jpg
[2025-05-22 14:50:51,126][__main__][INFO] - 처리 중 (3/6): ./crawling/파묘\000010.jpg
[2025-05-22 14:50:52,207][__main__][INFO] -   감지된 얼굴 수: 1
[2025-05-22 14:50:52,231][__main__][INFO] -   저장됨: ./outputs\2025-05-22_14-50-43\processed_images\000010.jpg
[2025-05-22 14:50:52,233][__main__][INFO] - 처리 중 (4/6): ./crawling/파묘\000002.jpg
[2025-05-22 14:50:54,064][__main__][INFO] -   감지된 얼굴 수: 4
[2025-05-22 14:50:54,130][__main__][INFO] -   저장됨: ./outputs\2025-05-22_14-50-43\processed_images\000002.jpg
[2025-05-22 14:50:54,131][__main__][INFO] - 처리 중 (5/6): ./crawling/파묘\000005.jpg
[2025-05-22 14:50:56,041][__main__][INFO] -   감지된 얼굴 수: 4
[2025-05-22 14:50:56,111][__main__][INFO] -   저장됨: ./outputs\2025-05-22_14-50-43\processed_images\000005.jpg
[2025-05-22 14:50:56,111][__main__][INFO] - 처리 중 (6/6): ./crawling/파묘\000010.jpg
[2025-05-22 14:50:57,084][__main__][INFO] -   감지된 얼굴 수: 1
[2025-05-22 14:50:57,113][__main__][INFO] -   저장됨: ./outputs\2025-05-22_14-50-43\processed_images\000010.jpg
[2025-05-22 14:50:57,115][__main__][INFO] - 
처리 결과 요약:
[2025-05-22 14:50:57,115][__main__][INFO] - 총 처리된 이미지: 6개
[2025-05-22 14:50:57,115][__main__][INFO] - 총 감지된 얼굴: 18개
[2025-05-22 14:50:57,116][__main__][INFO] - 필터링된 작은 얼굴: 0개
[2025-05-22 14:50:57,116][__main__][INFO] - 감정별 얼굴 수:
[2025-05-22 14:50:57,116][__main__][INFO] -   - Neutral: 8개
[2025-05-22 14:50:57,116][__main__][INFO] -   - Fear: 2개
[2025-05-22 14:50:57,116][__main__][INFO] -   - Sadness: 8개
[2025-05-22 14:50:57,116][__main__][INFO] - 
결과가 다음 위치에 저장되었습니다:
[2025-05-22 14:50:57,117][__main__][INFO] -   - 처리된 이미지: ./outputs\2025-05-22_14-50-43\processed_images
[2025-05-22 14:50:57,117][__main__][INFO] -   - 정렬된 얼굴 이미지: ./outputs\2025-05-22_14-50-43\aligned_faces
[2025-05-22 14:50:57,117][__main__][INFO] -   - CSV 결과: ./outputs\2025-05-22_14-50-43\emotion_results.csv
[2025-05-22 14:50:57,117][__main__][INFO] -   - JSON 결과: ./outputs\2025-05-22_14-50-43\emotion_results.json
[2025-05-22 14:50:57,117][__main__][INFO] -   - 학습용 목록: ./outputs\2025-05-22_14-50-43\train_list.txt
[2025-05-22 14:50:57,117][__main__][INFO] - 
모든 이미지 처리 완료!
