[2025-05-22 14:52:05,178][__main__][INFO] - 설정 파일 로드 완료: config.json
[2025-05-22 14:52:05,178][__main__][INFO] - ===== 얼굴 감정 인식 처리 시작 =====
[2025-05-22 14:52:05,178][__main__][INFO] - 현재 작업 디렉토리: D:\my_projects\face-emo-classify
[2025-05-22 14:52:06,719][__main__][INFO] - FaceAnalyzer 초기화 완료
[2025-05-22 14:52:06,720][__main__][INFO] - 총 6개의 이미지 파일을 찾았습니다.
[2025-05-22 14:52:06,720][__main__][INFO] - 처리 중 (1/6): ./crawling/파묘\000002.jpg
[2025-05-22 14:52:10,766][__main__][INFO] -   감지된 얼굴 수: 4
[2025-05-22 14:52:10,835][__main__][INFO] -   저장됨: ./outputs\2025-05-22_14-52-05\processed_images\000002.jpg
[2025-05-22 14:52:10,836][__main__][INFO] - 처리 중 (2/6): ./crawling/파묘\000005.jpg
[2025-05-22 14:52:12,685][__main__][INFO] -   감지된 얼굴 수: 4
[2025-05-22 14:52:12,751][__main__][INFO] -   저장됨: ./outputs\2025-05-22_14-52-05\processed_images\000005.jpg
[2025-05-22 14:52:12,751][__main__][INFO] - 처리 중 (3/6): ./crawling/파묘\000010.jpg
[2025-05-22 14:52:13,821][__main__][INFO] -   감지된 얼굴 수: 1
[2025-05-22 14:52:13,852][__main__][INFO] -   저장됨: ./outputs\2025-05-22_14-52-05\processed_images\000010.jpg
[2025-05-22 14:52:13,853][__main__][INFO] - 처리 중 (4/6): ./crawling/파묘\000002.jpg
[2025-05-22 14:52:15,699][__main__][INFO] -   감지된 얼굴 수: 4
[2025-05-22 14:52:15,763][__main__][INFO] -   저장됨: ./outputs\2025-05-22_14-52-05\processed_images\000002.jpg
[2025-05-22 14:52:15,763][__main__][INFO] - 처리 중 (5/6): ./crawling/파묘\000005.jpg
[2025-05-22 14:52:17,624][__main__][INFO] -   감지된 얼굴 수: 4
[2025-05-22 14:52:17,687][__main__][INFO] -   저장됨: ./outputs\2025-05-22_14-52-05\processed_images\000005.jpg
[2025-05-22 14:52:17,687][__main__][INFO] - 처리 중 (6/6): ./crawling/파묘\000010.jpg
[2025-05-22 14:52:18,714][__main__][INFO] -   감지된 얼굴 수: 1
[2025-05-22 14:52:18,743][__main__][INFO] -   저장됨: ./outputs\2025-05-22_14-52-05\processed_images\000010.jpg
[2025-05-22 14:52:18,745][__main__][INFO] - 
처리 결과 요약:
[2025-05-22 14:52:18,745][__main__][INFO] - 총 처리된 이미지: 6개
[2025-05-22 14:52:18,746][__main__][INFO] - 총 감지된 얼굴: 18개
[2025-05-22 14:52:18,746][__main__][INFO] - 필터링된 작은 얼굴: 0개
[2025-05-22 14:52:18,746][__main__][INFO] - 감정별 얼굴 수:
[2025-05-22 14:52:18,746][__main__][INFO] -   - Neutral: 8개
[2025-05-22 14:52:18,746][__main__][INFO] -   - Fear: 2개
[2025-05-22 14:52:18,746][__main__][INFO] -   - Sadness: 8개
[2025-05-22 14:52:18,746][__main__][INFO] - 
결과가 다음 위치에 저장되었습니다:
[2025-05-22 14:52:18,747][__main__][INFO] -   - 처리된 이미지: ./outputs\2025-05-22_14-52-05\processed_images
[2025-05-22 14:52:18,747][__main__][INFO] -   - 정렬된 얼굴 이미지: ./outputs\2025-05-22_14-52-05\aligned_faces
[2025-05-22 14:52:18,747][__main__][INFO] -   - CSV 결과: ./outputs\2025-05-22_14-52-05\emotion_results.csv
[2025-05-22 14:52:18,747][__main__][INFO] -   - JSON 결과: ./outputs\2025-05-22_14-52-05\emotion_results.json
[2025-05-22 14:52:18,747][__main__][INFO] -   - 학습용 목록: ./outputs\2025-05-22_14-52-05\train_list.txt
[2025-05-22 14:52:18,747][__main__][INFO] - 
모든 이미지 처리 완료!
